<?xml version="1.0" encoding="UTF-8"?>
<!-- Generated by org.testng.reporters.JUnitReportReporter -->
<testsuite skipped="0" hostname="DESKTOP-ILGTVI8" name="Try3_POST_ADD_and_DELETE_place" tests="1" failures="0" timestamp="18 Feb 2019 19:05:37 GMT" time="3.093" errors="0">
  <testcase name="Add_and_Delete_Place" time="3.093" classname="Try3_POST_ADD_and_DELETE_place"/>
</testsuite> <!-- Try3_POST_ADD_and_DELETE_place -->
