<?xml version="1.0" encoding="UTF-8"?>
<!-- Generated by org.testng.reporters.JUnitReportReporter -->
<testsuite skipped="0" hostname="DESKTOP-ILGTVI8" name="Try5_POST_XML" tests="1" failures="0" timestamp="23 Feb 2019 08:29:10 GMT" time="1.834" errors="0">
  <testcase name="postData" time="1.834" classname="Try5_POST_XML"/>
</testsuite> <!-- Try5_POST_XML -->
