<?xml version="1.0" encoding="UTF-8"?>
<!-- Generated by org.testng.reporters.JUnitReportReporter -->
<testsuite skipped="0" hostname="DESKTOP-ILGTVI8" name="Try3" tests="1" failures="0" timestamp="09 Feb 2019 19:49:20 GMT" time="3.107" errors="0">
  <testcase name="Test1" time="3.107" classname="Try3"/>
</testsuite> <!-- Try3 -->
