<?xml version="1.0" encoding="UTF-8"?>
<!-- Generated by org.testng.reporters.JUnitReportReporter -->
<testsuite skipped="0" hostname="DESKTOP-ILGTVI8" name="Try1" tests="1" failures="0" timestamp="10 Feb 2019 17:45:59 GMT" time="2.249" errors="0">
  <testcase name="postData" time="2.249" classname="Try1"/>
</testsuite> <!-- Try1 -->
