<?xml version="1.0" encoding="UTF-8"?>
<!-- Generated by org.testng.reporters.JUnitReportReporter -->
<testsuite skipped="0" hostname="DESKTOP-ILGTVI8" name="Try3_GET" tests="1" failures="0" timestamp="10 Feb 2019 17:14:49 GMT" time="2.667" errors="0">
  <testcase name="Test1" time="2.667" classname="Try3_GET"/>
</testsuite> <!-- Try3_GET -->
