<?xml version="1.0" encoding="UTF-8"?>
<!-- Generated by org.testng.reporters.JUnitReportReporter -->
<testsuite skipped="0" hostname="DESKTOP-ILGTVI8" name="Try3" tests="1" failures="0" timestamp="10 Feb 2019 18:47:32 GMT" time="3.109" errors="0">
  <testcase name="Add_and_Delete_Place" time="3.109" classname="Try3"/>
</testsuite> <!-- Try3 -->
